\o Program:		@(#)$CDS: libManager version 6.1.8 - CAT37 12/06/2022 20:58 (sjfdcl1033) $
\o Sub version:		sub-version  s303 
\o Arguments:		-mpssession virtuoso3083885 -mpshost volta 
\o Working Directory:	volta:/home/echokeir2900/projects/compe572-project1/p1
\o 64-bit offsets
\o Qt version: 		5.9.1
\o Log file is "/home/echokeir2900/projects/compe572-project1/p1/libManager.log".
\o Opening libManager window.
\a nrResizeWindow(cdsLibManager list(1 31 506 623))
\a nrSetCurrentWindow(cdsLibManager)
\a nrResizeWindow(cdsLibManager list(8 31 506 623))
\o changeWorkingDir("/home/echokeir2900/projects/compe572-project1/p1") unnecessary.
\o ddSetForcedLib("") unnecessary.
\o MPS service: map window
\o Library Manager customization server connected.
\w Warning: LIB basic from File /home/echokeir2900/projects/compe572-project1/p1/cds.lib Line 2 redefines
\w LIB basic from File /export/opt/cadence/installs/IC618/tools.lnx86/dfII/etc/cdsDotLibs/composer/cds.lib
\w Insert UNDEFINE basic
\w before DEFINE basic
\w     in /home/echokeir2900/projects/compe572-project1/p1/cds.lib
\w Or remove or comment out DEFINE basic
\w     in /export/opt/cadence/installs/IC618/tools.lnx86/dfII/etc/cdsDotLibs/composer/cds.lib
\w to suppress this warning message.
\a nrSetCurrentWindow(cdsLibManager)
\a nrResizeWindow(cdsLibManager list(8 31 506 1018))
\a nrResizeWindow(cdsLibManager list(8 31 506 1155))
\a nrResizeWindow(cdsLibManager list(8 31 506 992))
\a nrResizeWindow(cdsLibManager list(8 31 506 746))
\a nrResizeWindow(cdsLibManager list(8 31 506 793))
\a nrResizeWindow(cdsLibManager list(8 31 506 1018))
\a nrResizeWindow(cdsLibManager list(-257 31 506 1018))
\a nrResizeWindow(cdsLibManager list(1 31 958 493))
\a nrResizeWindow(cdsLibManager list(1 31 519 792))
\a nrResizeWindow(cdsLibManager list(1 31 512 794))
\a nrResizeWindow(cdsLibManager list(1 31 519 792))
\a nrSetCurrentWindow(cdsLibManager)
\a nrResizeWindow(cdsLibManager list(1 31 512 794))
\a cdsLibManager->libListBox->value = "CMOS"
\a cdsLibManager->libLineEdit->value = "CMOS"
\a cdsLibManager->cellListBox->value = "Inverter_testbench"
\a cdsLibManager->cellLineEdit->value = "Inverter_testbench"
\a cdsLibManager->viewListBox->value = "schematic"
\a cdsLibManager->viewLineEdit->value = "schematic"
\a cdsLibManager->viewListBox->value = nil
\a cdsLibManager->viewLineEdit->value = ""
\a cdsLibManager->viewListBox->value = "schematic"
\a cdsLibManager->viewLineEdit->value = "schematic"
\o MPS request: edit design
\a nrListItemAction(cdsLibManager->gdmXTView 0 0)
\a nrSetCurrentWindow(cdsLibManager)
\a cdsLibManager->libListBox->value = nil
\a cdsLibManager->libLineEdit->value = ""
\a cdsLibManager->cellListBox->value = nil
\a cdsLibManager->viewLineEdit->value = ""
\a cdsLibManager->viewListBox->value = nil
\a cdsLibManager->cellLineEdit->value = ""
\w Warning: LIB basic from File /home/echokeir2900/projects/compe572-project1/p1/cds.lib Line 2 redefines
\w LIB basic from File /export/opt/cadence/installs/IC618/tools.lnx86/dfII/etc/cdsDotLibs/composer/cds.lib
\w Insert UNDEFINE basic
\w before DEFINE basic
\w     in /home/echokeir2900/projects/compe572-project1/p1/cds.lib
\w Or remove or comment out DEFINE basic
\w     in /export/opt/cadence/installs/IC618/tools.lnx86/dfII/etc/cdsDotLibs/composer/cds.lib
\w to suppress this warning message.
\a cdsLibManager->libListBox->value = "CMOS"
\a cdsLibManager->libLineEdit->value = "CMOS"
\a cdsLibManager->cellListBox->value = "Inverter_testbench"
\a cdsLibManager->cellLineEdit->value = "Inverter_testbench"
\a cdsLibManager->viewListBox->value = "schematic"
\a cdsLibManager->viewLineEdit->value = "schematic"
\a cdsLibManager->viewLineEdit->value = ""
\a cdsLibManager->viewListBox->value = nil
\a cdsLibManager->viewListBox->value = "schematic"
\a cdsLibManager->viewLineEdit->value = "schematic"
\a cdsLibManager->libListBox->value = nil
\a cdsLibManager->libLineEdit->value = ""
\a cdsLibManager->cellListBox->value = nil
\a cdsLibManager->viewLineEdit->value = ""
\a cdsLibManager->viewListBox->value = nil
\a cdsLibManager->cellLineEdit->value = ""
\w Warning: LIB basic from File /home/echokeir2900/projects/compe572-project1/p1/cds.lib Line 2 redefines
\w LIB basic from File /export/opt/cadence/installs/IC618/tools.lnx86/dfII/etc/cdsDotLibs/composer/cds.lib
\w Insert UNDEFINE basic
\w before DEFINE basic
\w     in /home/echokeir2900/projects/compe572-project1/p1/cds.lib
\w Or remove or comment out DEFINE basic
\w     in /export/opt/cadence/installs/IC618/tools.lnx86/dfII/etc/cdsDotLibs/composer/cds.lib
\w to suppress this warning message.
\a cdsLibManager->libListBox->value = "CMOS"
\a cdsLibManager->libLineEdit->value = "CMOS"
\a cdsLibManager->cellListBox->value = "Inverter_testbench"
\a cdsLibManager->cellLineEdit->value = "Inverter_testbench"
\a cdsLibManager->viewListBox->value = "schematic"
\a cdsLibManager->viewLineEdit->value = "schematic"
\a cdsLibManager->viewLineEdit->value = ""
\a cdsLibManager->viewListBox->value = nil
\a cdsLibManager->viewListBox->value = "schematic"
\a cdsLibManager->viewLineEdit->value = "schematic"
\a cdsLibManager->cellListBox->value = "Inverter"
\a cdsLibManager->cellLineEdit->value = "Inverter"
\a cdsLibManager->viewLineEdit->value = ""
\a cdsLibManager->viewListBox->value = nil
\a cdsLibManager->viewListBox->value = "schematic"
\a cdsLibManager->viewLineEdit->value = "schematic"
\a nrSetCurrentWindow(cdsLibManager)
\a cdsLibManager->viewListBox->value = "symbol"
\a cdsLibManager->viewLineEdit->value = "symbol"
\a cdsLibManager->viewListBox->value = "schematic"
\a cdsLibManager->viewLineEdit->value = "schematic"
\a cdsLibManager->viewListBox->value = "layout"
\a cdsLibManager->viewLineEdit->value = "layout"
\a cdsLibManager->viewListBox->value = nil
\a cdsLibManager->viewLineEdit->value = ""
\a cdsLibManager->viewListBox->value = "layout"
\a cdsLibManager->viewLineEdit->value = "layout"
\o MPS request: edit design
\a nrListItemAction(cdsLibManager->gdmXTView 0 0)
\a nrSetCurrentWindow(cdsLibManager)
\a nrSetCurrentWindow(cdsLibManager)
\a nrSetCurrentWindow(cdsLibManager)
\a nrSetCurrentWindow(cdsLibManager)
\a nrSetCurrentWindow(cdsLibManager)
\a nrSetCurrentWindow(cdsLibManager)
\a nrSetCurrentWindow(cdsLibManager)
\a nrSetCurrentWindow(cdsLibManager)
\a nrSetCurrentWindow(cdsLibManager)
\a nrSetCurrentWindow(cdsLibManager)
\a nrSetWindowVisibility(cdsLibManager "hide")
\a nrResizeWindow(cdsLibManager list(0 0 512 794))
\a nrSetWindowVisibility(cdsLibManager "show")
\a nrSetCurrentWindow(cdsLibManager)
\a nrResizeWindow(cdsLibManager list(8 31 506 793))
\a nrSetWindowVisibility(cdsLibManager "hide")
\a nrResizeWindow(cdsLibManager list(0 0 506 793))
\a nrSetWindowVisibility(cdsLibManager "show")
\a nrSetCurrentWindow(cdsLibManager)
\a nrResizeWindow(cdsLibManager list(1 31 958 1011))
\a nrResizeWindow(cdsLibManager list(8 31 506 793))
\a nrSetCurrentWindow(cdsLibManager)
\a nrSetCurrentWindow(cdsLibManager)
\a nrSetCurrentWindow(cdsLibManager)
\a nrSetCurrentWindow(cdsLibManager)
\a cdsLibManager->viewListBox->value = "schematic"
\a cdsLibManager->viewLineEdit->value = "schematic"
\a cdsLibManager->viewListBox->value = "symbol"
\a cdsLibManager->viewLineEdit->value = "symbol"
\a cdsLibManager->viewListBox->value = "layout"
\a cdsLibManager->viewLineEdit->value = "layout"
\a cdsLibManager->cellListBox->value = "Inverter_testbench"
\a cdsLibManager->cellLineEdit->value = "Inverter_testbench"
\a cdsLibManager->viewLineEdit->value = ""
\a cdsLibManager->viewListBox->value = nil
\a cdsLibManager->viewListBox->value = "schematic"
\a cdsLibManager->viewLineEdit->value = "schematic"
\a cdsLibManager->viewListBox->value = nil
\a cdsLibManager->viewLineEdit->value = ""
\a cdsLibManager->viewListBox->value = "schematic"
\a cdsLibManager->viewLineEdit->value = "schematic"
\o MPS request: edit design
\a nrListItemAction(cdsLibManager->gdmXTView 0 0)
\a nrSetCurrentWindow(cdsLibManager)
\a nrSetCurrentWindow(cdsLibManager)
\a nrSetCurrentWindow(cdsLibManager)
\a cdsLibManager->cellLineEdit->value = ""
\a cdsLibManager->cellListBox->value = nil
\a cdsLibManager->viewLineEdit->value = ""
\a cdsLibManager->viewListBox->value = nil
\a cdsLibManager->cellListBox->value = "Inverter"
\a cdsLibManager->cellLineEdit->value = "Inverter"
\a cdsLibManager->viewListBox->value = "schematic"
\a cdsLibManager->viewLineEdit->value = "schematic"
\a cdsLibManager->viewListBox->value = "symbol"
\a cdsLibManager->viewLineEdit->value = "symbol"
\a cdsLibManager->viewListBox->value = "schematic"
\a cdsLibManager->viewLineEdit->value = "schematic"
\a cdsLibManager->viewListBox->value = "layout"
\a cdsLibManager->viewLineEdit->value = "layout"
\a cdsLibManager->cellListBox->value = "Inverter_testbench"
\a cdsLibManager->cellLineEdit->value = "Inverter_testbench"
\a cdsLibManager->viewLineEdit->value = ""
\a cdsLibManager->viewListBox->value = nil
\a cdsLibManager->viewListBox->value = "schematic"
\a cdsLibManager->viewLineEdit->value = "schematic"
\a nrSetCurrentWindow(cdsLibManager)
\a nrSetWindowVisibility(cdsLibManager "hide")
\a nrResizeWindow(cdsLibManager list(0 0 506 793))
